<?xml version="1.0" encoding="utf-8"?><testsuites name="pytest tests"><testsuite name="pytest" errors="0" failures="1" skipped="0" tests="18" time="4.787" timestamp="2026-08-25T17:59:53.577872+00:00" hostname="agent-env-d1a676c1-3956-47b3-afef-8039ec18627d"><testcase classname="tests.backend_test.TestAuth" name="test_ops_login_success" time="0.747" /><testcase classname="tests.backend_test.TestOps" name="test_dashboard" time="0.754" /><testcase classname="tests.backend_test.TestAuth" name="test_business_login_success" time="0.506" /><testcase classname="tests.backend_test.TestOps" name="test_cabs" time="0.157" /><testcase classname="tests.backend_test.TestOps" name="test_slot_availability" time="0.335" /><testcase classname="tests.backend_test.TestOps" name="test_creatives" time="0.158" /><testcase classname="tests.backend_test.TestAuth" name="test_partner_login_success" time="0.462" /><testcase classname="tests.backend_test.TestOps" name="test_drivers" time="0.322" /><testcase classname="tests.backend_test.TestAuth" name="test_portal_mismatch_business_on_ops" time="0.353" /><testcase classname="tests.backend_test.TestOps" name="test_payouts" time="0.363" /><testcase classname="tests.backend_test.TestAuth" name="test_portal_mismatch_ops_on_business" time="0.378" /><testcase classname="tests.backend_test.TestOps" name="test_compliance_photos" time="0.370" /><testcase classname="tests.backend_test.TestAuth" name="test_bad_password" time="0.391" /><testcase classname="tests.backend_test.TestOps" name="test_config" time="0.379" /><testcase classname="tests.backend_test.TestAuth" name="test_me_with_token" time="0.887" /><testcase classname="tests.backend_test.TestBusiness" name="test_bookings_list" time="0.650"><failure message="AssertionError: {&quot;detail&quot;:&quot;Method Not Allowed&quot;}&#10;assert 405 == 200&#10; +  where 405 = &lt;Response [405]&gt;.status_code">backend/tests/backend_test.py:123: in test_bookings_list
    assert r.status_code == 200, r.text
E   AssertionError: {"detail":"Method Not Allowed"}
E   assert 405 == 200
E    +  where 405 = &lt;Response [405]&gt;.status_code</failure></testcase><testcase classname="tests.backend_test.TestBusiness" name="test_availability" time="0.144" /><testcase classname="tests.backend_test.TestPartner" name="test_me" time="0.542" /></testsuite></testsuites>